<?xml version="1.0" encoding="UTF-8"?>
<!-- Generated by org.testng.reporters.JUnitXMLReporter -->
<testsuite hostname="Lenovo" ignored="0" name="Default test" tests="7" failures="0" timestamp="22 Jul 2022 14:40:32 GMT" time="4.005" errors="0">
  <testcase name="firstName" time="2.871" classname="com.tests.RegistrationTest"/>
  <testcase name="lastName" time="0.125" classname="com.tests.RegistrationTest"/>
  <testcase name="address" time="0.104" classname="com.tests.RegistrationTest"/>
  <testcase name="email" time="0.106" classname="com.tests.RegistrationTest"/>
  <testcase name="mobile" time="0.11" classname="com.tests.RegistrationTest"/>
  <testcase name="password" time="0.133" classname="com.tests.RegistrationTest"/>
  <testcase name="confirmPassword" time="0.133" classname="com.tests.RegistrationTest"/>
</testsuite> <!-- Default test -->
